{"contracts/FundMe.sol":{"l":{"36":3,"37":2,"51":3,"52":3,"59":0,"60":0,"61":0,"66":0,"67":0,"69":0,"70":0,"71":0,"80":12,"85":11,"86":11,"87":11,"91":1,"96":1,"97":1,"99":1,"104":1,"105":1,"106":1,"110":1,"112":1,"117":6,"118":6,"120":1,"122":1,"123":1,"135":6,"139":1,"143":3,"147":3,"151":1},"path":"/home/somos/fundme-h/contracts/FundMe.sol","s":{"1":3,"2":0,"3":0,"4":0,"5":0,"6":0,"7":0,"8":12,"9":11,"10":11,"11":1,"12":1,"13":1,"14":1,"15":1,"16":1,"17":1,"18":6,"19":1,"20":1,"21":6,"22":1,"23":3,"24":3,"25":1},"b":{"1":[1,2],"2":[0,0],"3":[0,0],"4":[0,0],"5":[0,0],"6":[11,1],"7":[1,1],"8":[1,0],"9":[1,0]},"f":{"1":3,"2":3,"3":0,"4":0,"5":12,"6":1,"7":1,"8":6,"9":1,"10":3,"11":3,"12":1},"fnMap":{"1":{"name":"onlyOwner","line":34,"loc":{"start":{"line":34,"column":4},"end":{"line":38,"column":4}}},"2":{"name":"constructor","line":50,"loc":{"start":{"line":50,"column":4},"end":{"line":53,"column":4}}},"3":{"name":"transferOwnership","line":58,"loc":{"start":{"line":58,"column":4},"end":{"line":62,"column":7}}},"4":{"name":"transfer","line":65,"loc":{"start":{"line":65,"column":4},"end":{"line":76,"column":4}}},"5":{"name":"fund","line":79,"loc":{"start":{"line":79,"column":4},"end":{"line":88,"column":4}}},"6":{"name":"withdraw","line":90,"loc":{"start":{"line":90,"column":4},"end":{"line":107,"column":4}}},"7":{"name":"cheaperWithdraw","line":109,"loc":{"start":{"line":109,"column":4},"end":{"line":124,"column":4}}},"8":{"name":"getAddressToAmountFunded","line":130,"loc":{"start":{"line":130,"column":4},"end":{"line":136,"column":4}}},"9":{"name":"getVersion","line":138,"loc":{"start":{"line":138,"column":4},"end":{"line":140,"column":4}}},"10":{"name":"getFunder","line":142,"loc":{"start":{"line":142,"column":4},"end":{"line":144,"column":4}}},"11":{"name":"getOwner","line":146,"loc":{"start":{"line":146,"column":4},"end":{"line":148,"column":4}}},"12":{"name":"getPriceFeed","line":150,"loc":{"start":{"line":150,"column":4},"end":{"line":152,"column":4}}}},"statementMap":{"1":{"start":{"line":36,"column":8},"end":{"line":36,"column":60}},"2":{"start":{"line":59,"column":8},"end":{"line":59,"column":56}},"3":{"start":{"line":60,"column":8},"end":{"line":60,"column":53}},"4":{"start":{"line":66,"column":8},"end":{"line":66,"column":99}},"5":{"start":{"line":69,"column":8},"end":{"line":69,"column":60}},"6":{"start":{"line":70,"column":8},"end":{"line":70,"column":37}},"7":{"start":{"line":71,"column":8},"end":{"line":71,"column":50}},"8":{"start":{"line":80,"column":8},"end":{"line":80,"column":2391}},"9":{"start":{"line":86,"column":8},"end":{"line":86,"column":33}},"10":{"start":{"line":87,"column":8},"end":{"line":87,"column":42}},"11":{"start":{"line":91,"column":8},"end":{"line":91,"column":2829}},"12":{"start":{"line":96,"column":12},"end":{"line":96,"column":51}},"13":{"start":{"line":104,"column":8},"end":{"line":104,"column":60}},"14":{"start":{"line":105,"column":8},"end":{"line":105,"column":55}},"15":{"start":{"line":106,"column":8},"end":{"line":106,"column":50}},"16":{"start":{"line":110,"column":8},"end":{"line":110,"column":44}},"17":{"start":{"line":112,"column":8},"end":{"line":112,"column":3620}},"18":{"start":{"line":117,"column":12},"end":{"line":117,"column":49}},"19":{"start":{"line":122,"column":8},"end":{"line":122,"column":73}},"20":{"start":{"line":123,"column":8},"end":{"line":123,"column":23}},"21":{"start":{"line":135,"column":8},"end":{"line":135,"column":54}},"22":{"start":{"line":139,"column":8},"end":{"line":139,"column":36}},"23":{"start":{"line":143,"column":8},"end":{"line":143,"column":31}},"24":{"start":{"line":147,"column":8},"end":{"line":147,"column":22}},"25":{"start":{"line":151,"column":8},"end":{"line":151,"column":26}}},"branchMap":{"1":{"line":36,"type":"if","locations":[{"start":{"line":36,"column":8},"end":{"line":36,"column":8}},{"start":{"line":36,"column":8},"end":{"line":36,"column":8}}]},"2":{"line":58,"type":"if","locations":[{"start":{"line":58,"column":64},"end":{"line":58,"column":64}},{"start":{"line":58,"column":64},"end":{"line":58,"column":64}}]},"3":{"line":59,"type":"if","locations":[{"start":{"line":59,"column":8},"end":{"line":59,"column":8}},{"start":{"line":59,"column":8},"end":{"line":59,"column":8}}]},"4":{"line":65,"type":"if","locations":[{"start":{"line":65,"column":64},"end":{"line":65,"column":64}},{"start":{"line":65,"column":64},"end":{"line":65,"column":64}}]},"5":{"line":66,"type":"if","locations":[{"start":{"line":66,"column":8},"end":{"line":66,"column":8}},{"start":{"line":66,"column":8},"end":{"line":66,"column":8}}]},"6":{"line":80,"type":"if","locations":[{"start":{"line":80,"column":8},"end":{"line":80,"column":8}},{"start":{"line":80,"column":8},"end":{"line":80,"column":8}}]},"7":{"line":90,"type":"if","locations":[{"start":{"line":90,"column":31},"end":{"line":90,"column":31}},{"start":{"line":90,"column":31},"end":{"line":90,"column":31}}]},"8":{"line":109,"type":"if","locations":[{"start":{"line":109,"column":38},"end":{"line":109,"column":38}},{"start":{"line":109,"column":38},"end":{"line":109,"column":38}}]},"9":{"line":123,"type":"if","locations":[{"start":{"line":123,"column":8},"end":{"line":123,"column":8}},{"start":{"line":123,"column":8},"end":{"line":123,"column":8}}]}}},"contracts/PriceConverter.sol":{"l":{"12":12,"14":12,"25":12,"26":12,"28":12},"path":"/home/somos/fundme-h/contracts/PriceConverter.sol","s":{"1":12,"2":12,"3":12,"4":12,"5":12},"b":{},"f":{"1":12,"2":12},"fnMap":{"1":{"name":"getPrice","line":7,"loc":{"start":{"line":7,"column":2},"end":{"line":15,"column":2}}},"2":{"name":"getConversionRate","line":20,"loc":{"start":{"line":20,"column":2},"end":{"line":29,"column":2}}}},"statementMap":{"1":{"start":{"line":12,"column":4},"end":{"line":12,"column":57}},"2":{"start":{"line":14,"column":4},"end":{"line":14,"column":40}},"3":{"start":{"line":25,"column":4},"end":{"line":25,"column":42}},"4":{"start":{"line":26,"column":4},"end":{"line":26,"column":73}},"5":{"start":{"line":28,"column":4},"end":{"line":28,"column":25}}},"branchMap":{}},"contracts/test/MockV3Aggregator.sol":{"l":{},"path":"/home/somos/fundme-h/contracts/test/MockV3Aggregator.sol","s":{},"b":{},"f":{},"fnMap":{},"statementMap":{},"branchMap":{}}}