TN:
SF:/home/somos/fundme-h/contracts/FundMe.sol
FN:34,onlyOwner
FN:50,constructor
FN:58,transferOwnership
FN:65,transfer
FN:79,fund
FN:90,withdraw
FN:109,cheaperWithdraw
FN:130,getAddressToAmountFunded
FN:138,getVersion
FN:142,getFunder
FN:146,getOwner
FN:150,getPriceFeed
FNF:12
FNH:10
FNDA:3,onlyOwner
FNDA:3,constructor
FNDA:0,transferOwnership
FNDA:0,transfer
FNDA:12,fund
FNDA:1,withdraw
FNDA:1,cheaperWithdraw
FNDA:6,getAddressToAmountFunded
FNDA:1,getVersion
FNDA:3,getFunder
FNDA:3,getOwner
FNDA:1,getPriceFeed
DA:36,3
DA:37,2
DA:51,3
DA:52,3
DA:59,0
DA:60,0
DA:61,0
DA:66,0
DA:67,0
DA:69,0
DA:70,0
DA:71,0
DA:80,12
DA:85,11
DA:86,11
DA:87,11
DA:91,1
DA:96,1
DA:97,1
DA:99,1
DA:104,1
DA:105,1
DA:106,1
DA:110,1
DA:112,1
DA:117,6
DA:118,6
DA:120,1
DA:122,1
DA:123,1
DA:135,6
DA:139,1
DA:143,3
DA:147,3
DA:151,1
LF:35
LH:27
BRDA:36,1,0,1
BRDA:36,1,1,2
BRDA:58,2,0,0
BRDA:58,2,1,0
BRDA:59,3,0,0
BRDA:59,3,1,0
BRDA:65,4,0,0
BRDA:65,4,1,0
BRDA:66,5,0,0
BRDA:66,5,1,0
BRDA:80,6,0,11
BRDA:80,6,1,1
BRDA:90,7,0,1
BRDA:90,7,1,1
BRDA:109,8,0,1
BRDA:109,8,1,0
BRDA:123,9,0,1
BRDA:123,9,1,0
BRF:18
BRH:8
end_of_record
TN:
SF:/home/somos/fundme-h/contracts/PriceConverter.sol
FN:7,getPrice
FN:20,getConversionRate
FNF:2
FNH:2
FNDA:12,getPrice
FNDA:12,getConversionRate
DA:12,12
DA:14,12
DA:25,12
DA:26,12
DA:28,12
LF:5
LH:5
BRF:0
BRH:0
end_of_record
TN:
SF:/home/somos/fundme-h/contracts/test/MockV3Aggregator.sol
FNF:0
FNH:0
LF:0
LH:0
BRF:0
BRH:0
end_of_record
